Program
  FuncDef   Name:a   ReturnType: Void
    Block   Size:5
      VarDecls   Type: Int
        VarDef   name:a   scope:-1

      VarDecls   Type: Int
        VarDef   name:b   scope:-1
          init:
            VarInitVal_exp
              UnaryExp_neg:(-)   Type: Void   
                UnaryExp_neg:(-)   Type: Void   
                  UnaryExp_neg:(-)   Type: Void   
                    UnaryExp_neg:(-)   Type: Void   
                      UnaryExp_plus:(+)   Type: Void   
                        Intconst   val:1324   Type: Void   
      VarDecls   Type: Int
        VarDef   name:c   scope:-1
          init:
            VarInitVal_exp
              UnaryExp_plus:(+)   Type: Void   
                UnaryExp_neg:(-)   Type: Void   
                  UnaryExp_neg:(-)   Type: Void   
                    UnaryExp_neg:(-)   Type: Void   
                      UnaryExp_neg:(-)   Type: Void   
                        Intconst   val:45561   Type: Void   
      VarDecls   Type: Int
        VarDef   name:d   scope:-1
          init:
            VarInitVal_exp
              AddExp_plus: (+)   Type: Void   
                Lval   Type: Void      name:a   scope:-1
                Intconst   val:1   Type: Void   
      AssignStmt:
        Lval   Type: Void      name:a   scope:-1
        Intconst   val:1   Type: Void   
  FuncDef   Name:main   ReturnType: Int
    Block   Size:2
      VarDecls   Type: Int
        VarDef   name:a   scope:-1
          init:
            VarInitVal_exp
              AddExp_plus: (+)   Type: Void   
                Intconst   val:1   Type: Void   
                FuncCall   name:a   Type: Void   
                  Empty params
      ConstDecls   Type: Int
        ConstDef   name:a   scope:-1
          init:
            ConstInitVal_exp   Type: Void   
              Intconst   val:5   Type: Void   
